<?xml version="1.0" encoding="UTF-8"?>
<!-- Generated by org.testng.reporters.JUnitReportReporter -->
<testsuite hostname="DESKTOP-SP01ONG" failures="0" tests="2" name="com.SwagLabs.TestCases.OrderSummaryPageTest" time="0.114" errors="0" timestamp="2023-07-30T15:12:34 IST" skipped="0">
  <testcase classname="com.SwagLabs.TestCases.OrderSummaryPageTest" name="verifySummary" time="0.040"/>
  <testcase classname="com.SwagLabs.TestCases.OrderSummaryPageTest" name="verifyOrder" time="0.074"/>
  <system-out>
    <![CDATA[Browser is opening
SwagLabs application is open
User login process will begin
User login is completed
Inventory page Testing started
Add to cart page testing started!
CheckOut process begin
Process is completed!]]>
  </system-out>
</testsuite> <!-- com.SwagLabs.TestCases.OrderSummaryPageTest -->
