<?xml version="1.0" encoding="UTF-8"?>
<!-- Generated by org.testng.reporters.JUnitReportReporter -->
<testsuite hostname="DESKTOP-SP01ONG" failures="0" tests="2" name="com.SwagLabs.TestCases.OrderSummaryPageTest" time="0.126" errors="0" timestamp="2023-07-30T21:54:49 IST" skipped="0">
  <testcase classname="com.SwagLabs.TestCases.OrderSummaryPageTest" name="verifySummary" time="0.037"/>
  <system-out/>
  <testcase classname="com.SwagLabs.TestCases.OrderSummaryPageTest" name="verifyOrder" time="0.089"/>
  <system-out/>
</testsuite> <!-- com.SwagLabs.TestCases.OrderSummaryPageTest -->
